ets Jul 29 2019 12:21:46

rst:0x1 (POWERON_RESET),boot:0x13 (SPI_FAST_FLASH_BOOT)
configsip: 0, SPIWP:0xee
clk_drv:0x00,q_drv:0x00,d_drv:0x00,cs0_drv:0x00,hd_drv:0x00,wp_drv:0x00
mode:DIO, clock div:2
load:0x3fff0030,len:1184
load:0x40078000,len:13232
load:0x40080400,len:3028
entry 0x400805e4
========================================
RFM12 Empfänger - Minimal Version
Frequenz: 434,15 MHz | 9600 bps
========================================
RFM12 Software Reset...
Initialisiere RFM12...
  Init abgeschlossen (FIFO Level=4 Bytes)
✓ Bereit! Warte auf Daten...

✓ Empfangen (3 Bytes): 0x41 0x4C 0x56 -> "ALV"
✓ Empfangen (3 Bytes): 0x41 0x4C 0x56 -> "ALV"
✓ Empfangen (4 Bytes): 0x41 0x4C 0x56 0x4F -> "ALVO"
  -> Nutzdaten (ohne Präambel): "ALVO"
✓ Empfangen (2 Bytes): 0x41 0x4C -> "AL"
✓ Empfangen (3 Bytes): 0x41 0x4C 0x56 -> "ALV"
✓ Empfangen (4 Bytes): 0x41 0x4C 0x56 0x4F -> "ALVO"
  -> Nutzdaten (ohne Präambel): "ALVO"
✓ Empfangen (4 Bytes): 0x41 0x4C 0x56 0x4F -> "ALVO"
  -> Nutzdaten (ohne Präambel): "ALVO"
✓ Empfangen (3 Bytes): 0x41 0x4C 0x56 -> "ALV"
✓ Empfangen (3 Bytes): 0x41 0x4C 0x56 -> "ALV"
✓ Empfangen (4 Bytes): 0x41 0x4C 0x56 0x4F -> "ALVO"
  -> Nutzdaten (ohne Präambel): "ALVO"
✓ Empfangen (7 Bytes): 0x31 0x35 0x30 0x00 0x41 0x4C 0x56 -> "150.ALV"
✓ Empfangen (6 Bytes): 0x41 0x4C 0x56 0x4F 0xAA 0xA9 -> "ALVO.."
  -> Nutzdaten (ohne Präambel): "ALVO"
✓ Empfangen (4 Bytes): 0x41 0x4C 0x56 0x4F -> "ALVO"
  -> Nutzdaten (ohne Präambel): "ALVO"
✓ Empfangen (3 Bytes): 0x41 0x4C 0x56 -> "ALV"
✓ Empfangen (3 Bytes): 0x41 0x4C 0x56 -> "ALV"
✓ Empfangen (4 Bytes): 0x41 0x4C 0x56 0x4F -> "ALVO"
  -> Nutzdaten (ohne Präambel): "ALVO"
✓ Empfangen (3 Bytes): 0x41 0x4C 0x56 -> "ALV"
✓ Empfangen (3 Bytes): 0x41 0x4C 0x56 -> "ALV"
✓ Empfangen (4 Bytes): 0x41 0x4C 0x56 0x4F -> "ALVO"
  -> Nutzdaten (ohne Präambel): "ALVO"
✓ Empfangen (2 Bytes): 0x41 0x4C -> "AL"
✓ Empfangen (3 Bytes): 0x41 0x4C 0x56 -> "ALV"
✓ Empfangen (6 Bytes): 0x41 0x4C 0x56 0x4F 0xAA 0xA1 -> "ALVO.."
  -> Nutzdaten (ohne Präambel): "ALVO"
✓ Empfangen (4 Bytes): 0x41 0x4C 0x56 0x4F -> "ALVO"
  -> Nutzdaten (ohne Präambel): "ALVO"
✓ Empfangen (3 Bytes): 0x41 0x4C 0x56 -> "ALV"
✓ Empfangen (3 Bytes): 0x41 0x4C 0x56 -> "ALV"
✓ Empfangen (4 Bytes): 0x41 0x4C 0x56 0x4F -> "ALVO"
  -> Nutzdaten (ohne Präambel): "ALVO"
✓ Empfangen (3 Bytes): 0x41 0x4C 0x56 -> "ALV"
✓ Empfangen (3 Bytes): 0x41 0x4C 0x56 -> "ALV"
✓ Empfangen (4 Bytes): 0x41 0x4C 0x56 0x4F -> "ALVO"
  -> Nutzdaten (ohne Präambel): "ALVO"
✓ Empfangen (2 Bytes): 0x41 0x4C -> "AL"
✓ Empfangen (3 Bytes): 0x41 0x4C 0x56 -> "ALV"
✓ Empfangen (6 Bytes): 0x41 0x4C 0x56 0x4F 0xAA 0xA4 -> "ALVO.."
  -> Nutzdaten (ohne Präambel): "ALVO"
✓ Empfangen (4 Bytes): 0x41 0x4C 0x56 0x4F -> "ALVO"
  -> Nutzdaten (ohne Präambel): "ALVO"
✓ Empfangen (3 Bytes): 0x41 0x4C 0x56 -> "ALV"
✓ Empfangen (3 Bytes): 0x41 0x4C 0x56 -> "ALV"
✓ Empfangen (4 Bytes): 0x41 0x4C 0x56 0x4F -> "ALVO"
  -> Nutzdaten (ohne Präambel): "ALVO"
✓ Empfangen (3 Bytes): 0x41 0x4C 0x56 -> "ALV"
✓ Empfangen (3 Bytes): 0x41 0x4C 0x56 -> "ALV"
✓ Empfangen (4 Bytes): 0x41 0x4C 0x56 0x4F -> "ALVO"
  -> Nutzdaten (ohne Präambel): "ALVO"
✓ Empfangen (2 Bytes): 0x41 0x4C -> "AL"
✓ Empfangen (3 Bytes): 0x41 0x4C 0x56 -> "ALV"
✓ Empfangen (6 Bytes): 0x41 0x4C 0x56 0x4F 0xAA 0xA6 -> "ALVO.."
  -> Nutzdaten (ohne Präambel): "ALVO"
✓ Empfangen (4 Bytes): 0x41 0x4C 0x56 0x4F -> "ALVO"
  -> Nutzdaten (ohne Präambel): "ALVO"
✓ Empfangen (3 Bytes): 0x41 0x4C 0x56 -> "ALV"
✓ Empfangen (3 Bytes): 0x41 0x4C 0x56 -> "ALV"
✓ Empfangen (4 Bytes): 0x41 0x4C 0x56 0x4F -> "ALVO"
  -> Nutzdaten (ohne Präambel): "ALVO"
✓ Empfangen (2 Bytes): 0x41 0x4C -> "AL"
✓ Empfangen (3 Bytes): 0x41 0x4C 0x56 -> "ALV"
✓ Empfangen (4 Bytes): 0x41 0x4C 0x56 0x4F -> "ALVO"
  -> Nutzdaten (ohne Präambel): "ALVO"
✓ Empfangen (2 Bytes): 0x41 0x4C -> "AL"
✓ Empfangen (3 Bytes): 0x41 0x4C 0x56 -> "ALV"
✓ Empfangen (3 Bytes): 0x41 0x4C 0x56 -> "ALV"
✓ Empfangen (4 Bytes): 0x41 0x4C 0x56 0x4F -> "ALVO"
  -> Nutzdaten (ohne Präambel): "ALVO"
✓ Empfangen (3 Bytes): 0x41 0x4C 0x56 -> "ALV"
✓ Empfangen (3 Bytes): 0x41 0x4C 0x56 -> "ALV"
✓ Empfangen (4 Bytes): 0x41 0x4C 0x56 0x4F -> "ALVO"
  -> Nutzdaten (ohne Präambel): "ALVO"
✓ Empfangen (2 Bytes): 0x41 0x4C -> "AL"
✓ Empfangen (3 Bytes): 0x41 0x4C 0x56 -> "ALV"
✓ Empfangen (4 Bytes): 0x41 0x4C 0x56 0x4F -> "ALVO"
  -> Nutzdaten (ohne Präambel): "ALVO"
✓ Empfangen (2 Bytes): 0x41 0x4C -> "AL"
✓ Empfangen (7 Bytes): 0x31 0x35 0x30 0x00 0x41 0x4C 0x56 -> "150.ALV"
✓ Empfangen (4 Bytes): 0x41 0x4C 0x56 0x4F -> "ALVO"
  -> Nutzdaten (ohne Präambel): "ALVO"
✓ Empfangen (2 Bytes): 0x41 0x4C -> "AL"
✓ Empfangen (3 Bytes): 0x41 0x4C 0x56 -> "ALV"
✓ Empfangen (4 Bytes): 0x41 0x4C 0x56 0x4F -> "ALVO"
  -> Nutzdaten (ohne Präambel): "ALVO"
✓ Empfangen (4 Bytes): 0x41 0x4C 0x56 0x4F -> "ALVO"
  -> Nutzdaten (ohne Präambel): "ALVO"
✓ Empfangen (3 Bytes): 0x41 0x4C 0x56 -> "ALV"
✓ Empfangen (3 Bytes): 0x41 0x4C 0x56 -> "ALV"
✓ Empfangen (4 Bytes): 0x41 0x4C 0x56 0x4F -> "ALVO"
  -> Nutzdaten (ohne Präambel): "ALVO"
✓ Empfangen (3 Bytes): 0x41 0x4C 0x56 -> "ALV"
✓ Empfangen (3 Bytes): 0x41 0x4C 0x56 -> "ALV"
✓ Empfangen (4 Bytes): 0x41 0x4C 0x56 0x4F -> "ALVO"
  -> Nutzdaten (ohne Präambel): "ALVO"
✓ Empfangen (2 Bytes): 0x41 0x4C -> "AL"
✓ Empfangen (3 Bytes): 0x41 0x4C 0x56 -> "ALV"
✓ Empfangen (4 Bytes): 0x41 0x4C 0x56 0x4F -> "ALVO"
  -> Nutzdaten (ohne Präambel): "ALVO"
